# JRE version: OpenJDK Runtime Environment OpenLogic-OpenJDK (17.0.14+7) (build 17.0.14+7-adhoc..jdk17u)
# Java VM: OpenJDK 64-Bit Server VM OpenLogic-OpenJDK (17.0.14+7-adhoc..jdk17u, mixed mode, sharing, tiered, compressed oops, compressed class ptrs, g1 gc, windows-amd64)
GC Precious Log:
 CPUs: 8 total, 8 available
 Memory: 16190M
 Large Page Support: Disabled
 NUMA Support: Disabled
 Compressed Oops: Enabled (32-bit)
 Heap Region Size: 1M
 Heap Min Capacity: 8M
 Heap Initial Capacity: 254M
 Heap Max Capacity: 2G
 Pre-touch: Disabled
 Parallel Workers: 8
 Concurrent Workers: 2
 Concurrent Refinement Workers: 8
 Periodic GC: Disabled
Heap:
 garbage-first heap   total 148480K, used 119848K [0x0000000080000000, 0x0000000100000000)
  region size 1024K, 36 young (36864K), 5 survivors (5120K)
 Metaspace       used 95701K, committed 96768K, reserved 557056K
  class space    used 13148K, committed 13696K, reserved 425984K
GC Heap History (20 events):
Event: 36.999 GC heap before
{Heap before GC invocations=33 (full 0):
 garbage-first heap   total 109568K, used 67207K [0x0000000080000000, 0x0000000100000000)
  region size 1024K, 5 young (5120K), 3 survivors (3072K)
 Metaspace       used 75351K, committed 76096K, reserved 491520K
  class space    used 10537K, committed 10880K, reserved 425984K
}
Event: 37.006 GC heap after
{Heap after GC invocations=34 (full 0):
 garbage-first heap   total 109568K, used 64994K [0x0000000080000000, 0x0000000100000000)
  region size 1024K, 1 young (1024K), 1 survivors (1024K)
 Metaspace       used 75351K, committed 76096K, reserved 491520K
  class space    used 10537K, committed 10880K, reserved 425984K
}
Event: 37.777 GC heap before
{Heap before GC invocations=34 (full 0):
 garbage-first heap   total 109568K, used 88546K [0x0000000080000000, 0x0000000100000000)
  region size 1024K, 25 young (25600K), 1 survivors (1024K)
 Metaspace       used 76495K, committed 77184K, reserved 557056K
  class space    used 10717K, committed 11008K, reserved 425984K
}
Event: 37.783 GC heap after
{Heap after GC invocations=35 (full 0):
 garbage-first heap   total 148480K, used 67080K [0x0000000080000000, 0x0000000100000000)
  region size 1024K, 3 young (3072K), 3 survivors (3072K)
 Metaspace       used 76495K, committed 77184K, reserved 557056K
  class space    used 10717K, committed 11008K, reserved 425984K
}
Event: 39.981 GC heap before
{Heap before GC invocations=36 (full 0):
 garbage-first heap   total 148480K, used 114184K [0x0000000080000000, 0x0000000100000000)
  region size 1024K, 50 young (51200K), 3 survivors (3072K)
 Metaspace       used 78651K, committed 79488K, reserved 557056K
  class space    used 10995K, committed 11392K, reserved 425984K
}
Event: 40.003 GC heap after
{Heap after GC invocations=37 (full 0):
 garbage-first heap   total 148480K, used 71041K [0x0000000080000000, 0x0000000100000000)
  region size 1024K, 7 young (7168K), 7 survivors (7168K)
 Metaspace       used 78651K, committed 79488K, reserved 557056K
  class space    used 10995K, committed 11392K, reserved 425984K
}
Event: 40.035 GC heap before
{Heap before GC invocations=37 (full 0):
 garbage-first heap   total 148480K, used 72065K [0x0000000080000000, 0x0000000100000000)
  region size 1024K, 8 young (8192K), 7 survivors (7168K)
 Metaspace       used 78742K, committed 79552K, reserved 557056K
  class space    used 11010K, committed 11392K, reserved 425984K
}
Event: 40.045 GC heap after
{Heap after GC invocations=38 (full 0):
 garbage-first heap   total 148480K, used 71657K [0x0000000080000000, 0x0000000100000000)
  region size 1024K, 1 young (1024K), 1 survivors (1024K)
 Metaspace       used 78742K, committed 79552K, reserved 557056K
  class space    used 11010K, committed 11392K, reserved 425984K
}
Event: 41.629 GC heap before
{Heap before GC invocations=38 (full 0):
 garbage-first heap   total 148480K, used 116713K [0x0000000080000000, 0x0000000100000000)
  region size 1024K, 45 young (46080K), 1 survivors (1024K)
 Metaspace       used 81988K, committed 82880K, reserved 557056K
  class space    used 11484K, committed 11904K, reserved 425984K
}
Event: 41.638 GC heap after
{Heap after GC invocations=39 (full 0):
 garbage-first heap   total 148480K, used 74092K [0x0000000080000000, 0x0000000100000000)
  region size 1024K, 4 young (4096K), 4 survivors (4096K)
 Metaspace       used 81988K, committed 82880K, reserved 557056K
  class space    used 11484K, committed 11904K, reserved 425984K
}
Event: 43.088 GC heap before
{Heap before GC invocations=39 (full 0):
 garbage-first heap   total 148480K, used 117100K [0x0000000080000000, 0x0000000100000000)
  region size 1024K, 47 young (48128K), 4 survivors (4096K)
 Metaspace       used 85485K, committed 86400K, reserved 557056K
  class space    used 11977K, committed 12416K, reserved 425984K
}
Event: 43.101 GC heap after
{Heap after GC invocations=40 (full 0):
 garbage-first heap   total 148480K, used 78730K [0x0000000080000000, 0x0000000100000000)
  region size 1024K, 5 young (5120K), 5 survivors (5120K)
 Metaspace       used 85485K, committed 86400K, reserved 557056K
  class space    used 11977K, committed 12416K, reserved 425984K
}
Event: 64.299 GC heap before
{Heap before GC invocations=40 (full 0):
 garbage-first heap   total 148480K, used 119690K [0x0000000080000000, 0x0000000100000000)
  region size 1024K, 44 young (45056K), 5 survivors (5120K)
 Metaspace       used 90687K, committed 91584K, reserved 557056K
  class space    used 12557K, committed 12992K, reserved 425984K
}
Event: 64.310 GC heap after
{Heap after GC invocations=41 (full 0):
 garbage-first heap   total 148480K, used 81669K [0x0000000080000000, 0x0000000100000000)
  region size 1024K, 3 young (3072K), 3 survivors (3072K)
 Metaspace       used 90687K, committed 91584K, reserved 557056K
  class space    used 12557K, committed 12992K, reserved 425984K
}
Event: 78.791 GC heap before
{Heap before GC invocations=41 (full 0):
 garbage-first heap   total 148480K, used 119557K [0x0000000080000000, 0x0000000100000000)
  region size 1024K, 41 young (41984K), 3 survivors (3072K)
 Metaspace       used 93231K, committed 94144K, reserved 557056K
  class space    used 12871K, committed 13312K, reserved 425984K
}
Event: 78.799 GC heap after
{Heap after GC invocations=42 (full 0):
 garbage-first heap   total 148480K, used 84292K [0x0000000080000000, 0x0000000100000000)
  region size 1024K, 6 young (6144K), 6 survivors (6144K)
 Metaspace       used 93231K, committed 94144K, reserved 557056K
  class space    used 12871K, committed 13312K, reserved 425984K
}
Event: 79.556 GC heap before
{Heap before GC invocations=42 (full 0):
 garbage-first heap   total 148480K, used 120132K [0x0000000080000000, 0x0000000100000000)
  region size 1024K, 41 young (41984K), 6 survivors (6144K)
 Metaspace       used 93918K, committed 94976K, reserved 557056K
  class space    used 12949K, committed 13504K, reserved 425984K
}
Event: 79.568 GC heap after
{Heap after GC invocations=43 (full 0):
 garbage-first heap   total 148480K, used 87047K [0x0000000080000000, 0x0000000100000000)
  region size 1024K, 3 young (3072K), 3 survivors (3072K)
 Metaspace       used 93918K, committed 94976K, reserved 557056K
  class space    used 12949K, committed 13504K, reserved 425984K
}
Event: 249.305 GC heap before
{Heap before GC invocations=43 (full 0):
 garbage-first heap   total 148480K, used 121863K [0x0000000080000000, 0x0000000100000000)
  region size 1024K, 37 young (37888K), 3 survivors (3072K)
 Metaspace       used 95458K, committed 96512K, reserved 557056K
  class space    used 13130K, committed 13632K, reserved 425984K
}
Event: 249.312 GC heap after
{Heap after GC invocations=44 (full 0):
 garbage-first heap   total 148480K, used 89128K [0x0000000080000000, 0x0000000100000000)
  region size 1024K, 5 young (5120K), 5 survivors (5120K)
 Metaspace       used 95458K, committed 96512K, reserved 557056K
  class space    used 13130K, committed 13632K, reserved 425984K
}

